750
10 88
157 620
57 344
72 543
147 513
128 386
330 988
146 481
158 665
171 751
338 407
61 392
165 735
137 447
336 371
130 401
465 953
54 263
36 114
290 808
280 716
199 991
175 846
53 262
84 661
85 721
350 414
182 873
138 458
44 169
40 183
26 91
198 982
86 744
82 619
246 424
191 960
104 861
119 195
390 662
173 817
185 840
366 572
218 304
288 765
30 94
474 528
180 856
223 318
69 521
385 643
66 469
478 547
517 805
161 686
495 622
93 795
65 409
432 853
501 681
18 51
37 162
116 153
224 327
306 858
221 307
324 956
529 879
545 943
399 705
343 443
466 984
337 388
484 566
131 413
214 236
321 912
384 653
117 155
601 758
375 612
395 675
464 947
31 108
264 494
577 585
207 231
322 932
427 841
437 903
445 891
403 760
206 993
542 920
215 270
271 701
79 553
76 615
152 617
310 881
608 810
580 595
59 372
234 383
273 703
632 930
123 200
630 838
46 204
163 714
492 609
398 697
668 759
96 797
188 885
80 581
266 544
552 973
618 818
487 573
503 689
666 710
459 937
297 832
698 918
434 872
28
498 664
0 8
510 695
496 624
418 825
607 774
83
659 967
637 996
428 862
628 834
151 522
196
238 410
133 415
217
550
99 837
160 670
168 740
101 847
359 525
631 876
12 27
68 471
728
732
227 376
405 794
105 995
779
253 455
134 438
179
558 563
535 866
257 482
22
761
589 711
598 684
102 894
285 726
250 452
512 737
335 977
365 571
564 582
568 579
426 835
802
962
417 801
476 534
190 929
67 470
638
216
115 150
144 475
252 454
600 753
58 339
143 461
497
275
87
211
287
113
295 800
294
50
603 769
156 524
300
731 781
187
720 934
277
254
181
129 402
124 243
416
799
557
654
197
636 965
172 813
746
353 490
924
889
97 814
706
836
964
699 919
468
634 957
95 796
867
226 368
587 657
762 806
913
320
685 882
23
567
13
606
884 961
752 824
717 990
49 249
314
90
676 816
527 857
877
260
92
660 709
488
301
126 256
725
81
364
6 15
588
373 583
423
38
467
228
71 511
11
541
942
504
166
296
479
559
302
367
382 625
539
508
756
52 289
247
145
768
64 408
433
34
291 770
103
286
78
880
4
963
419 833
830
972
329
241
331 345
899
313
472
750 793
355 518
551
348
55 341
281
450
599 715
855
265
70
561
509
9
644
106
500
292
648
47 242
463
457
783 868
546
404
370
688
48
641
860
21
627
723
499
532
892 981
32 118
623
202
696 911
548 952
259 537
586 651
507
389
41
905
951
125
902 940
986
251
109
916 941
3
576
361
633 949
594
712
391
19
896
936
803
485
745
451
749 773
900
533
449 915
584
436
883 928
139
831
708
352
945 946
878
89
820
864
272
987
921
998
798 910
237 394
127
244 422
907
663
870
970
178
142
888
554
812
887
629
229
232
435
677
311
261
502
396
73
743
279
898 904
704
671
328
393
225
526
939
5
596
604
480
610
483
154
719
985 999
821
400
786
906
775
442
844
978
597
284
935
845
922
729
788 897
24
100
406
193
994
7
614
203
274
309
283
886
968 974
669
865
549
177
560
771
591
863
605
516
901 909
682
727
613
212
811
755
616
804
827
724
189
776
536
140
98
347
931
850
908
950
839
121
201
174
240
925
815
319
997
239
75
852
208
645
35
460
975
332
387
430
186
299
1
298
754
926
489
514
222
213
77
849
851
687
611
540
377
425
702
692
267
700 927
785
412
680
778
690
790
742
822
713
255
453
869
652
733
672
809
658
819
679
378
823
520
983
312
917
176
979 980
164
874
519
235
45
209
777
148
245
578 590
159
230
358
233
893
170
486
875
538
640
718
441
325
120
397
791
326
667
575
431
556
923
323
826
356
334
730
736
316
621
747
678
955
219
741
16
829
42
491
976
531
848
381
111
2 20
248 444
210
258
351
268
420
895
787
357
317
149
477
33
626
205
374
655
649
767
112
694
722
854
379
493
890
766
784
646
141
842
592
43
122
673 789
136
639
647
473
360
342
656
693
56
593
110
780
363 562
992
691
933
989
39
282
303
506
132
276
971
859
772
439
194
63
505
602
25
220
792
192
642
29
333
462
707
738
635 958
446
966
843
269 674
411
448
914
959
569
515
184
565
734
278
938
293
650
315
570
17
948
346
954
354
60
555
574
807
14
74
349
340
107
969
782 828
362
440
748
308
135
944
764
380
530
421
305
62
167
369
456
683 871
523 763
757
429
739
